[0.210s] DEBUG:colcon:Command line arguments: ['/usr/bin/colcon', 'build', '--packages-select', 'auto_robot']
[0.211s] DEBUG:colcon:Parsed command line arguments: Namespace(log_base=None, log_level=None, verb_name='build', build_base='build', install_base='install', merge_install=False, symlink_install=False, test_result_base=None, continue_on_error=False, executor='parallel', parallel_workers=8, event_handlers=None, ignore_user_meta=False, metas=['./colcon.meta'], base_paths=['.'], packages_ignore=None, packages_ignore_regex=None, paths=None, packages_up_to=None, packages_up_to_regex=None, packages_above=None, packages_above_and_dependencies=None, packages_above_depth=None, packages_select_by_dep=None, packages_skip_by_dep=None, packages_skip_up_to=None, packages_select_build_failed=False, packages_skip_build_finished=False, packages_select_test_failures=False, packages_skip_test_passed=False, packages_select=['auto_robot'], packages_skip=None, packages_select_regex=None, packages_skip_regex=None, packages_start=None, packages_end=None, allow_overriding=[], cmake_args=None, cmake_target=None, cmake_target_skip_unavailable=False, cmake_clean_cache=False, cmake_clean_first=False, cmake_force_configure=False, ament_cmake_args=None, catkin_cmake_args=None, catkin_skip_building_tests=False, verb_parser=<colcon_defaults.argument_parser.defaults.DefaultArgumentsDecorator object at 0x79ad8aeeaf20>, verb_extension=<colcon_core.verb.build.BuildVerb object at 0x79ad8aeea920>, main=<bound method BuildVerb.main of <colcon_core.verb.build.BuildVerb object at 0x79ad8aeea920>>)
[0.480s] Level 1:colcon.colcon_core.package_discovery:discover_packages(colcon_meta) check parameters
[0.480s] Level 1:colcon.colcon_core.package_discovery:discover_packages(recursive) check parameters
[0.480s] Level 1:colcon.colcon_core.package_discovery:discover_packages(ignore) check parameters
[0.480s] Level 1:colcon.colcon_core.package_discovery:discover_packages(path) check parameters
[0.480s] Level 1:colcon.colcon_core.package_discovery:discover_packages(colcon_meta) discover
[0.480s] Level 1:colcon.colcon_core.package_discovery:discover_packages(recursive) discover
[0.480s] INFO:colcon.colcon_core.package_discovery:Crawling recursively for packages in '/home/abdullahemirkirecci/yeni_ws'
[0.480s] Level 1:colcon.colcon_core.package_identification:_identify(.) by extensions ['ignore', 'ignore_ament_install']
[0.481s] Level 1:colcon.colcon_core.package_identification:_identify(.) by extension 'ignore'
[0.481s] Level 1:colcon.colcon_core.package_identification:_identify(.) by extension 'ignore_ament_install'
[0.481s] Level 1:colcon.colcon_core.package_identification:_identify(.) by extensions ['colcon_pkg']
[0.481s] Level 1:colcon.colcon_core.package_identification:_identify(.) by extension 'colcon_pkg'
[0.481s] Level 1:colcon.colcon_core.package_identification:_identify(.) by extensions ['colcon_meta']
[0.481s] Level 1:colcon.colcon_core.package_identification:_identify(.) by extension 'colcon_meta'
[0.481s] Level 1:colcon.colcon_core.package_identification:_identify(.) by extensions ['ros']
[0.481s] Level 1:colcon.colcon_core.package_identification:_identify(.) by extension 'ros'
[0.517s] Level 1:colcon.colcon_core.package_identification:_identify(.) by extensions ['cmake', 'python']
[0.517s] Level 1:colcon.colcon_core.package_identification:_identify(.) by extension 'cmake'
[0.517s] Level 1:colcon.colcon_core.package_identification:_identify(.) by extension 'python'
[0.518s] Level 1:colcon.colcon_core.package_identification:_identify(.) by extensions ['python_setup_py']
[0.518s] Level 1:colcon.colcon_core.package_identification:_identify(.) by extension 'python_setup_py'
[0.518s] Level 1:colcon.colcon_core.package_identification:_identify(build) by extensions ['ignore', 'ignore_ament_install']
[0.518s] Level 1:colcon.colcon_core.package_identification:_identify(build) by extension 'ignore'
[0.518s] Level 1:colcon.colcon_core.package_identification:_identify(build) ignored
[0.518s] Level 1:colcon.colcon_core.package_identification:_identify(install) by extensions ['ignore', 'ignore_ament_install']
[0.518s] Level 1:colcon.colcon_core.package_identification:_identify(install) by extension 'ignore'
[0.518s] Level 1:colcon.colcon_core.package_identification:_identify(install) ignored
[0.518s] Level 1:colcon.colcon_core.package_identification:_identify(log) by extensions ['ignore', 'ignore_ament_install']
[0.518s] Level 1:colcon.colcon_core.package_identification:_identify(log) by extension 'ignore'
[0.518s] Level 1:colcon.colcon_core.package_identification:_identify(log) ignored
[0.519s] Level 1:colcon.colcon_core.package_identification:_identify(src) by extensions ['ignore', 'ignore_ament_install']
[0.519s] Level 1:colcon.colcon_core.package_identification:_identify(src) by extension 'ignore'
[0.519s] Level 1:colcon.colcon_core.package_identification:_identify(src) by extension 'ignore_ament_install'
[0.519s] Level 1:colcon.colcon_core.package_identification:_identify(src) by extensions ['colcon_pkg']
[0.519s] Level 1:colcon.colcon_core.package_identification:_identify(src) by extension 'colcon_pkg'
[0.519s] Level 1:colcon.colcon_core.package_identification:_identify(src) by extensions ['colcon_meta']
[0.519s] Level 1:colcon.colcon_core.package_identification:_identify(src) by extension 'colcon_meta'
[0.519s] Level 1:colcon.colcon_core.package_identification:_identify(src) by extensions ['ros']
[0.519s] Level 1:colcon.colcon_core.package_identification:_identify(src) by extension 'ros'
[0.519s] Level 1:colcon.colcon_core.package_identification:_identify(src) by extensions ['cmake', 'python']
[0.519s] Level 1:colcon.colcon_core.package_identification:_identify(src) by extension 'cmake'
[0.519s] Level 1:colcon.colcon_core.package_identification:_identify(src) by extension 'python'
[0.519s] Level 1:colcon.colcon_core.package_identification:_identify(src) by extensions ['python_setup_py']
[0.519s] Level 1:colcon.colcon_core.package_identification:_identify(src) by extension 'python_setup_py'
[0.519s] Level 1:colcon.colcon_core.package_identification:_identify(src/Autonomous-Robot-Obstacle-Avoidance-with-ROS2) by extensions ['ignore', 'ignore_ament_install']
[0.519s] Level 1:colcon.colcon_core.package_identification:_identify(src/Autonomous-Robot-Obstacle-Avoidance-with-ROS2) by extension 'ignore'
[0.519s] Level 1:colcon.colcon_core.package_identification:_identify(src/Autonomous-Robot-Obstacle-Avoidance-with-ROS2) by extension 'ignore_ament_install'
[0.519s] Level 1:colcon.colcon_core.package_identification:_identify(src/Autonomous-Robot-Obstacle-Avoidance-with-ROS2) by extensions ['colcon_pkg']
[0.519s] Level 1:colcon.colcon_core.package_identification:_identify(src/Autonomous-Robot-Obstacle-Avoidance-with-ROS2) by extension 'colcon_pkg'
[0.519s] Level 1:colcon.colcon_core.package_identification:_identify(src/Autonomous-Robot-Obstacle-Avoidance-with-ROS2) by extensions ['colcon_meta']
[0.519s] Level 1:colcon.colcon_core.package_identification:_identify(src/Autonomous-Robot-Obstacle-Avoidance-with-ROS2) by extension 'colcon_meta'
[0.519s] Level 1:colcon.colcon_core.package_identification:_identify(src/Autonomous-Robot-Obstacle-Avoidance-with-ROS2) by extensions ['ros']
[0.519s] Level 1:colcon.colcon_core.package_identification:_identify(src/Autonomous-Robot-Obstacle-Avoidance-with-ROS2) by extension 'ros'
[0.520s] Level 1:colcon.colcon_core.package_identification:_identify(src/Autonomous-Robot-Obstacle-Avoidance-with-ROS2) by extensions ['cmake', 'python']
[0.520s] Level 1:colcon.colcon_core.package_identification:_identify(src/Autonomous-Robot-Obstacle-Avoidance-with-ROS2) by extension 'cmake'
[0.520s] Level 1:colcon.colcon_core.package_identification:_identify(src/Autonomous-Robot-Obstacle-Avoidance-with-ROS2) by extension 'python'
[0.520s] Level 1:colcon.colcon_core.package_identification:_identify(src/Autonomous-Robot-Obstacle-Avoidance-with-ROS2) by extensions ['python_setup_py']
[0.520s] Level 1:colcon.colcon_core.package_identification:_identify(src/Autonomous-Robot-Obstacle-Avoidance-with-ROS2) by extension 'python_setup_py'
[0.520s] Level 1:colcon.colcon_core.package_identification:_identify(src/Autonomous-Robot-Obstacle-Avoidance-with-ROS2/build) by extensions ['ignore', 'ignore_ament_install']
[0.520s] Level 1:colcon.colcon_core.package_identification:_identify(src/Autonomous-Robot-Obstacle-Avoidance-with-ROS2/build) by extension 'ignore'
[0.520s] Level 1:colcon.colcon_core.package_identification:_identify(src/Autonomous-Robot-Obstacle-Avoidance-with-ROS2/build) ignored
[0.520s] Level 1:colcon.colcon_core.package_identification:_identify(src/Autonomous-Robot-Obstacle-Avoidance-with-ROS2/install) by extensions ['ignore', 'ignore_ament_install']
[0.520s] Level 1:colcon.colcon_core.package_identification:_identify(src/Autonomous-Robot-Obstacle-Avoidance-with-ROS2/install) by extension 'ignore'
[0.520s] Level 1:colcon.colcon_core.package_identification:_identify(src/Autonomous-Robot-Obstacle-Avoidance-with-ROS2/install) ignored
[0.521s] Level 1:colcon.colcon_core.package_identification:_identify(src/Autonomous-Robot-Obstacle-Avoidance-with-ROS2/log) by extensions ['ignore', 'ignore_ament_install']
[0.521s] Level 1:colcon.colcon_core.package_identification:_identify(src/Autonomous-Robot-Obstacle-Avoidance-with-ROS2/log) by extension 'ignore'
[0.521s] Level 1:colcon.colcon_core.package_identification:_identify(src/Autonomous-Robot-Obstacle-Avoidance-with-ROS2/log) ignored
[0.522s] Level 1:colcon.colcon_core.package_identification:_identify(src/Autonomous-Robot-Obstacle-Avoidance-with-ROS2/src) by extensions ['ignore', 'ignore_ament_install']
[0.522s] Level 1:colcon.colcon_core.package_identification:_identify(src/Autonomous-Robot-Obstacle-Avoidance-with-ROS2/src) by extension 'ignore'
[0.522s] Level 1:colcon.colcon_core.package_identification:_identify(src/Autonomous-Robot-Obstacle-Avoidance-with-ROS2/src) by extension 'ignore_ament_install'
[0.522s] Level 1:colcon.colcon_core.package_identification:_identify(src/Autonomous-Robot-Obstacle-Avoidance-with-ROS2/src) by extensions ['colcon_pkg']
[0.522s] Level 1:colcon.colcon_core.package_identification:_identify(src/Autonomous-Robot-Obstacle-Avoidance-with-ROS2/src) by extension 'colcon_pkg'
[0.522s] Level 1:colcon.colcon_core.package_identification:_identify(src/Autonomous-Robot-Obstacle-Avoidance-with-ROS2/src) by extensions ['colcon_meta']
[0.522s] Level 1:colcon.colcon_core.package_identification:_identify(src/Autonomous-Robot-Obstacle-Avoidance-with-ROS2/src) by extension 'colcon_meta'
[0.522s] Level 1:colcon.colcon_core.package_identification:_identify(src/Autonomous-Robot-Obstacle-Avoidance-with-ROS2/src) by extensions ['ros']
[0.522s] Level 1:colcon.colcon_core.package_identification:_identify(src/Autonomous-Robot-Obstacle-Avoidance-with-ROS2/src) by extension 'ros'
[0.522s] Level 1:colcon.colcon_core.package_identification:_identify(src/Autonomous-Robot-Obstacle-Avoidance-with-ROS2/src) by extensions ['cmake', 'python']
[0.522s] Level 1:colcon.colcon_core.package_identification:_identify(src/Autonomous-Robot-Obstacle-Avoidance-with-ROS2/src) by extension 'cmake'
[0.522s] Level 1:colcon.colcon_core.package_identification:_identify(src/Autonomous-Robot-Obstacle-Avoidance-with-ROS2/src) by extension 'python'
[0.522s] Level 1:colcon.colcon_core.package_identification:_identify(src/Autonomous-Robot-Obstacle-Avoidance-with-ROS2/src) by extensions ['python_setup_py']
[0.522s] Level 1:colcon.colcon_core.package_identification:_identify(src/Autonomous-Robot-Obstacle-Avoidance-with-ROS2/src) by extension 'python_setup_py'
[0.522s] Level 1:colcon.colcon_core.package_identification:_identify(src/Autonomous-Robot-Obstacle-Avoidance-with-ROS2/src/auto_robot) by extensions ['ignore', 'ignore_ament_install']
[0.522s] Level 1:colcon.colcon_core.package_identification:_identify(src/Autonomous-Robot-Obstacle-Avoidance-with-ROS2/src/auto_robot) by extension 'ignore'
[0.522s] Level 1:colcon.colcon_core.package_identification:_identify(src/Autonomous-Robot-Obstacle-Avoidance-with-ROS2/src/auto_robot) by extension 'ignore_ament_install'
[0.522s] Level 1:colcon.colcon_core.package_identification:_identify(src/Autonomous-Robot-Obstacle-Avoidance-with-ROS2/src/auto_robot) by extensions ['colcon_pkg']
[0.522s] Level 1:colcon.colcon_core.package_identification:_identify(src/Autonomous-Robot-Obstacle-Avoidance-with-ROS2/src/auto_robot) by extension 'colcon_pkg'
[0.522s] Level 1:colcon.colcon_core.package_identification:_identify(src/Autonomous-Robot-Obstacle-Avoidance-with-ROS2/src/auto_robot) by extensions ['colcon_meta']
[0.522s] Level 1:colcon.colcon_core.package_identification:_identify(src/Autonomous-Robot-Obstacle-Avoidance-with-ROS2/src/auto_robot) by extension 'colcon_meta'
[0.523s] Level 1:colcon.colcon_core.package_identification:_identify(src/Autonomous-Robot-Obstacle-Avoidance-with-ROS2/src/auto_robot) by extensions ['ros']
[0.523s] Level 1:colcon.colcon_core.package_identification:_identify(src/Autonomous-Robot-Obstacle-Avoidance-with-ROS2/src/auto_robot) by extension 'ros'
[0.526s] DEBUG:colcon.colcon_core.package_identification:Package 'src/Autonomous-Robot-Obstacle-Avoidance-with-ROS2/src/auto_robot' with type 'ros.ament_cmake' and name 'auto_robot'
[0.526s] Level 1:colcon.colcon_core.package_discovery:discover_packages(recursive) using defaults
[0.526s] Level 1:colcon.colcon_core.package_discovery:discover_packages(ignore) discover
[0.526s] Level 1:colcon.colcon_core.package_discovery:discover_packages(ignore) using defaults
[0.526s] Level 1:colcon.colcon_core.package_discovery:discover_packages(path) discover
[0.526s] Level 1:colcon.colcon_core.package_discovery:discover_packages(path) using defaults
[0.556s] Level 1:colcon.colcon_core.package_discovery:discover_packages(prefix_path) check parameters
[0.556s] Level 1:colcon.colcon_core.package_discovery:discover_packages(prefix_path) discover
[0.560s] DEBUG:colcon.colcon_installed_package_information.package_discovery:Found 1 installed packages in /home/abdullahemirkirecci/ros2_ws/install
[0.561s] DEBUG:colcon.colcon_installed_package_information.package_discovery:Found 354 installed packages in /opt/ros/humble
[0.563s] Level 1:colcon.colcon_core.package_discovery:discover_packages(prefix_path) using defaults
[0.612s] Level 5:colcon.colcon_core.verb:set package 'auto_robot' build argument 'cmake_args' from command line to 'None'
[0.612s] Level 5:colcon.colcon_core.verb:set package 'auto_robot' build argument 'cmake_target' from command line to 'None'
[0.612s] Level 5:colcon.colcon_core.verb:set package 'auto_robot' build argument 'cmake_target_skip_unavailable' from command line to 'False'
[0.612s] Level 5:colcon.colcon_core.verb:set package 'auto_robot' build argument 'cmake_clean_cache' from command line to 'False'
[0.612s] Level 5:colcon.colcon_core.verb:set package 'auto_robot' build argument 'cmake_clean_first' from command line to 'False'
[0.612s] Level 5:colcon.colcon_core.verb:set package 'auto_robot' build argument 'cmake_force_configure' from command line to 'False'
[0.612s] Level 5:colcon.colcon_core.verb:set package 'auto_robot' build argument 'ament_cmake_args' from command line to 'None'
[0.612s] Level 5:colcon.colcon_core.verb:set package 'auto_robot' build argument 'catkin_cmake_args' from command line to 'None'
[0.612s] Level 5:colcon.colcon_core.verb:set package 'auto_robot' build argument 'catkin_skip_building_tests' from command line to 'False'
[0.612s] DEBUG:colcon.colcon_core.verb:Building package 'auto_robot' with the following arguments: {'ament_cmake_args': None, 'build_base': '/home/abdullahemirkirecci/yeni_ws/build/auto_robot', 'catkin_cmake_args': None, 'catkin_skip_building_tests': False, 'cmake_args': None, 'cmake_clean_cache': False, 'cmake_clean_first': False, 'cmake_force_configure': False, 'cmake_target': None, 'cmake_target_skip_unavailable': False, 'install_base': '/home/abdullahemirkirecci/yeni_ws/install/auto_robot', 'merge_install': False, 'path': '/home/abdullahemirkirecci/yeni_ws/src/Autonomous-Robot-Obstacle-Avoidance-with-ROS2/src/auto_robot', 'symlink_install': False, 'test_result_base': None}
[0.612s] INFO:colcon.colcon_core.executor:Executing jobs using 'parallel' executor
[0.613s] DEBUG:colcon.colcon_parallel_executor.executor.parallel:run_until_complete
[0.613s] INFO:colcon.colcon_ros.task.ament_cmake.build:Building ROS package in '/home/abdullahemirkirecci/yeni_ws/src/Autonomous-Robot-Obstacle-Avoidance-with-ROS2/src/auto_robot' with build type 'ament_cmake'
[0.614s] INFO:colcon.colcon_cmake.task.cmake.build:Building CMake package in '/home/abdullahemirkirecci/yeni_ws/src/Autonomous-Robot-Obstacle-Avoidance-with-ROS2/src/auto_robot'
[0.618s] INFO:colcon.colcon_core.plugin_system:Skipping extension 'colcon_core.shell.bat': Not used on non-Windows systems
[0.618s] INFO:colcon.colcon_core.shell:Skip shell extension 'powershell' for command environment: Not usable outside of PowerShell
[0.618s] DEBUG:colcon.colcon_core.shell:Skip shell extension 'dsv' for command environment
[0.629s] DEBUG:colcon.colcon_core.event_handler.log_command:Invoking command in '/home/abdullahemirkirecci/yeni_ws/build/auto_robot': CMAKE_PREFIX_PATH=/opt/ros/humble /usr/bin/cmake --build /home/abdullahemirkirecci/yeni_ws/build/auto_robot -- -j8 -l8
[0.666s] DEBUG:colcon.colcon_core.event_handler.log_command:Invoked command in '/home/abdullahemirkirecci/yeni_ws/build/auto_robot' returned '0': CMAKE_PREFIX_PATH=/opt/ros/humble /usr/bin/cmake --build /home/abdullahemirkirecci/yeni_ws/build/auto_robot -- -j8 -l8
[0.675s] DEBUG:colcon.colcon_core.event_handler.log_command:Invoking command in '/home/abdullahemirkirecci/yeni_ws/build/auto_robot': CMAKE_PREFIX_PATH=/opt/ros/humble /usr/bin/cmake --install /home/abdullahemirkirecci/yeni_ws/build/auto_robot
[0.698s] Level 1:colcon.colcon_core.environment:create_environment_scripts_only(auto_robot)
[0.699s] DEBUG:colcon.colcon_core.event_handler.log_command:Invoked command in '/home/abdullahemirkirecci/yeni_ws/build/auto_robot' returned '0': CMAKE_PREFIX_PATH=/opt/ros/humble /usr/bin/cmake --install /home/abdullahemirkirecci/yeni_ws/build/auto_robot
[0.704s] Level 1:colcon.colcon_core.environment:checking '/home/abdullahemirkirecci/yeni_ws/install/auto_robot' for CMake module files
[0.704s] Level 1:colcon.colcon_core.environment:checking '/home/abdullahemirkirecci/yeni_ws/install/auto_robot' for CMake config files
[0.705s] Level 1:colcon.colcon_core.shell:create_environment_hook('auto_robot', 'cmake_prefix_path')
[0.705s] INFO:colcon.colcon_core.shell:Creating environment hook '/home/abdullahemirkirecci/yeni_ws/install/auto_robot/share/auto_robot/hook/cmake_prefix_path.ps1'
[0.706s] INFO:colcon.colcon_core.shell:Creating environment descriptor '/home/abdullahemirkirecci/yeni_ws/install/auto_robot/share/auto_robot/hook/cmake_prefix_path.dsv'
[0.706s] INFO:colcon.colcon_core.shell:Creating environment hook '/home/abdullahemirkirecci/yeni_ws/install/auto_robot/share/auto_robot/hook/cmake_prefix_path.sh'
[0.707s] Level 1:colcon.colcon_core.environment:checking '/home/abdullahemirkirecci/yeni_ws/install/auto_robot/bin'
[0.708s] Level 1:colcon.colcon_core.environment:checking '/home/abdullahemirkirecci/yeni_ws/install/auto_robot/lib/pkgconfig/auto_robot.pc'
[0.708s] Level 1:colcon.colcon_core.environment:checking '/home/abdullahemirkirecci/yeni_ws/install/auto_robot/lib/python3.10/site-packages'
[0.708s] Level 1:colcon.colcon_core.environment:checking '/home/abdullahemirkirecci/yeni_ws/install/auto_robot/bin'
[0.708s] INFO:colcon.colcon_core.shell:Creating package script '/home/abdullahemirkirecci/yeni_ws/install/auto_robot/share/auto_robot/package.ps1'
[0.709s] INFO:colcon.colcon_core.shell:Creating package descriptor '/home/abdullahemirkirecci/yeni_ws/install/auto_robot/share/auto_robot/package.dsv'
[0.710s] INFO:colcon.colcon_core.shell:Creating package script '/home/abdullahemirkirecci/yeni_ws/install/auto_robot/share/auto_robot/package.sh'
[0.713s] INFO:colcon.colcon_core.shell:Creating package script '/home/abdullahemirkirecci/yeni_ws/install/auto_robot/share/auto_robot/package.bash'
[0.715s] INFO:colcon.colcon_core.shell:Creating package script '/home/abdullahemirkirecci/yeni_ws/install/auto_robot/share/auto_robot/package.zsh'
[0.716s] Level 1:colcon.colcon_core.environment:create_file_with_runtime_dependencies(/home/abdullahemirkirecci/yeni_ws/install/auto_robot/share/colcon-core/packages/auto_robot)
[0.717s] Level 1:colcon.colcon_core.environment:create_environment_scripts_only(auto_robot)
[0.717s] Level 1:colcon.colcon_core.environment:checking '/home/abdullahemirkirecci/yeni_ws/install/auto_robot' for CMake module files
[0.718s] Level 1:colcon.colcon_core.environment:checking '/home/abdullahemirkirecci/yeni_ws/install/auto_robot' for CMake config files
[0.718s] Level 1:colcon.colcon_core.shell:create_environment_hook('auto_robot', 'cmake_prefix_path')
[0.719s] INFO:colcon.colcon_core.shell:Creating environment hook '/home/abdullahemirkirecci/yeni_ws/install/auto_robot/share/auto_robot/hook/cmake_prefix_path.ps1'
[0.719s] INFO:colcon.colcon_core.shell:Creating environment descriptor '/home/abdullahemirkirecci/yeni_ws/install/auto_robot/share/auto_robot/hook/cmake_prefix_path.dsv'
[0.720s] INFO:colcon.colcon_core.shell:Creating environment hook '/home/abdullahemirkirecci/yeni_ws/install/auto_robot/share/auto_robot/hook/cmake_prefix_path.sh'
[0.721s] Level 1:colcon.colcon_core.environment:checking '/home/abdullahemirkirecci/yeni_ws/install/auto_robot/bin'
[0.721s] Level 1:colcon.colcon_core.environment:checking '/home/abdullahemirkirecci/yeni_ws/install/auto_robot/lib/pkgconfig/auto_robot.pc'
[0.721s] Level 1:colcon.colcon_core.environment:checking '/home/abdullahemirkirecci/yeni_ws/install/auto_robot/lib/python3.10/site-packages'
[0.722s] Level 1:colcon.colcon_core.environment:checking '/home/abdullahemirkirecci/yeni_ws/install/auto_robot/bin'
[0.722s] INFO:colcon.colcon_core.shell:Creating package script '/home/abdullahemirkirecci/yeni_ws/install/auto_robot/share/auto_robot/package.ps1'
[0.723s] INFO:colcon.colcon_core.shell:Creating package descriptor '/home/abdullahemirkirecci/yeni_ws/install/auto_robot/share/auto_robot/package.dsv'
[0.724s] INFO:colcon.colcon_core.shell:Creating package script '/home/abdullahemirkirecci/yeni_ws/install/auto_robot/share/auto_robot/package.sh'
[0.724s] INFO:colcon.colcon_core.shell:Creating package script '/home/abdullahemirkirecci/yeni_ws/install/auto_robot/share/auto_robot/package.bash'
[0.725s] INFO:colcon.colcon_core.shell:Creating package script '/home/abdullahemirkirecci/yeni_ws/install/auto_robot/share/auto_robot/package.zsh'
[0.726s] Level 1:colcon.colcon_core.environment:create_file_with_runtime_dependencies(/home/abdullahemirkirecci/yeni_ws/install/auto_robot/share/colcon-core/packages/auto_robot)
[0.726s] DEBUG:colcon.colcon_parallel_executor.executor.parallel:closing loop
[0.726s] DEBUG:colcon.colcon_parallel_executor.executor.parallel:loop closed
[0.726s] DEBUG:colcon.colcon_parallel_executor.executor.parallel:run_until_complete finished with '0'
[0.726s] DEBUG:colcon.colcon_core.event_reactor:joining thread
[0.737s] INFO:colcon.colcon_core.plugin_system:Skipping extension 'colcon_notification.desktop_notification.terminal_notifier': Not used on non-Darwin systems
[0.738s] INFO:colcon.colcon_core.plugin_system:Skipping extension 'colcon_notification.desktop_notification.win32': Not used on non-Windows systems
[0.738s] INFO:colcon.colcon_notification.desktop_notification:Sending desktop notification using 'notify2'
[0.748s] DEBUG:colcon.colcon_core.event_reactor:joined thread
[0.749s] INFO:colcon.colcon_core.shell:Creating prefix script '/home/abdullahemirkirecci/yeni_ws/install/local_setup.ps1'
[0.750s] INFO:colcon.colcon_core.shell:Creating prefix util module '/home/abdullahemirkirecci/yeni_ws/install/_local_setup_util_ps1.py'
[0.753s] INFO:colcon.colcon_core.shell:Creating prefix chain script '/home/abdullahemirkirecci/yeni_ws/install/setup.ps1'
[0.755s] INFO:colcon.colcon_core.shell:Creating prefix script '/home/abdullahemirkirecci/yeni_ws/install/local_setup.sh'
[0.755s] INFO:colcon.colcon_core.shell:Creating prefix util module '/home/abdullahemirkirecci/yeni_ws/install/_local_setup_util_sh.py'
[0.756s] INFO:colcon.colcon_core.shell:Creating prefix chain script '/home/abdullahemirkirecci/yeni_ws/install/setup.sh'
[0.758s] INFO:colcon.colcon_core.shell:Creating prefix script '/home/abdullahemirkirecci/yeni_ws/install/local_setup.bash'
[0.759s] INFO:colcon.colcon_core.shell:Creating prefix chain script '/home/abdullahemirkirecci/yeni_ws/install/setup.bash'
[0.761s] INFO:colcon.colcon_core.shell:Creating prefix script '/home/abdullahemirkirecci/yeni_ws/install/local_setup.zsh'
[0.762s] INFO:colcon.colcon_core.shell:Creating prefix chain script '/home/abdullahemirkirecci/yeni_ws/install/setup.zsh'
