[0mCMake Deprecation Warning at CMakeLists.txt:1 (cmake_minimum_required):
  Compatibility with CMake < 3.10 will be removed from a future version of
  CMake.

  Update the VERSION argument <min> value.  Or, use the <min>...<max> syntax
  to tell CMake that the project requires at least <min> but has been updated
  to work with policies introduced by <max> or earlier.

[0m
-- The C compiler identification is GNU 11.4.0
-- The CXX compiler identification is GNU 11.4.0
-- Detecting C compiler ABI info
-- Detecting C compiler ABI info - done
-- Check for working C compiler: /usr/bin/cc - skipped
-- Detecting C compile features
-- Detecting C compile features - done
-- Detecting CXX compiler ABI info
-- Detecting CXX compiler ABI info - done
-- Check for working CXX compiler: /usr/bin/c++ - skipped
-- Detecting CXX compile features
-- Detecting CXX compile features - done
-- Found ament_cmake: 1.3.12 (/opt/ros/humble/share/ament_cmake/cmake)
-- Found Python3: /usr/bin/python3 (found version "3.10.12") found components: Interpreter
-- Override CMake install command with custom implementation using symlinks instead of copying resources
-- Found xacro: 2.1.1 (/opt/ros/humble/share/xacro/cmake)
-- Found ament_lint_auto: 0.12.14 (/opt/ros/humble/share/ament_lint_auto/cmake)
-- Added test 'flake8' to check Python code syntax and style conventions
-- Added test 'lint_cmake' to check CMake code style
-- Added test 'pep257' to check Python code against some of the docstring style conventions in PEP 257
-- Added test 'xmllint' to check XML markup files
-- Configuring done (1.1s)
-- Generating done (0.0s)
-- Build files have been written to: /home/abdullahemirkirecci/yeni_ws/build/auto_robot
-- Install configuration: ""
-- Execute custom install script
-- Symlinking: /home/abdullahemirkirecci/yeni_ws/install/auto_robot/share/auto_robot/launch/launch_sim.launch.py
-- Symlinking: /home/abdullahemirkirecci/yeni_ws/install/auto_robot/share/auto_robot/launch/rsp.launch.py
-- Symlinking: /home/abdullahemirkirecci/yeni_ws/install/auto_robot/share/auto_robot/config/drive_bot.rviz
-- Symlinking: /home/abdullahemirkirecci/yeni_ws/install/auto_robot/share/auto_robot/config/empty.yaml
-- Symlinking: /home/abdullahemirkirecci/yeni_ws/install/auto_robot/share/auto_robot/config/gazebo_params.yaml
-- Symlinking: /home/abdullahemirkirecci/yeni_ws/install/auto_robot/share/auto_robot/config/main.rviz
-- Symlinking: /home/abdullahemirkirecci/yeni_ws/install/auto_robot/share/auto_robot/config/map.rviz
-- Symlinking: /home/abdullahemirkirecci/yeni_ws/install/auto_robot/share/auto_robot/config/mapper_params_online_async.yaml
-- Symlinking: /home/abdullahemirkirecci/yeni_ws/install/auto_robot/share/auto_robot/config/nav.rviz
-- Symlinking: /home/abdullahemirkirecci/yeni_ws/install/auto_robot/share/auto_robot/config/nav2_params.yaml
-- Symlinking: /home/abdullahemirkirecci/yeni_ws/install/auto_robot/share/auto_robot/config/slam_map.rviz
-- Symlinking: /home/abdullahemirkirecci/yeni_ws/install/auto_robot/share/auto_robot/config/twist_mux.yaml
-- Symlinking: /home/abdullahemirkirecci/yeni_ws/install/auto_robot/share/auto_robot/config/view_bot.rviz
-- Symlinking: /home/abdullahemirkirecci/yeni_ws/install/auto_robot/share/auto_robot/description/camera.xacro
-- Symlinking: /home/abdullahemirkirecci/yeni_ws/install/auto_robot/share/auto_robot/description/depth_camera.xacro
-- Symlinking: /home/abdullahemirkirecci/yeni_ws/install/auto_robot/share/auto_robot/description/face.xacro
-- Symlinking: /home/abdullahemirkirecci/yeni_ws/install/auto_robot/share/auto_robot/description/gazebo_control.xacro
-- Symlinking: /home/abdullahemirkirecci/yeni_ws/install/auto_robot/share/auto_robot/description/inertial_macros.xacro
-- Symlinking: /home/abdullahemirkirecci/yeni_ws/install/auto_robot/share/auto_robot/description/lidar.xacro
-- Symlinking: /home/abdullahemirkirecci/yeni_ws/install/auto_robot/share/auto_robot/description/robot.urdf.xacro
-- Symlinking: /home/abdullahemirkirecci/yeni_ws/install/auto_robot/share/auto_robot/description/robot_core.xacro
-- Symlinking: /home/abdullahemirkirecci/yeni_ws/install/auto_robot/share/auto_robot/worlds/empty.world
-- Symlinking: /home/abdullahemirkirecci/yeni_ws/install/auto_robot/share/auto_robot/worlds/maze.world
-- Symlinking: /home/abdullahemirkirecci/yeni_ws/install/auto_robot/share/ament_index/resource_index/package_run_dependencies/auto_robot
-- Symlinking: /home/abdullahemirkirecci/yeni_ws/install/auto_robot/share/ament_index/resource_index/parent_prefix_path/auto_robot
-- Symlinking: /home/abdullahemirkirecci/yeni_ws/install/auto_robot/share/auto_robot/environment/ament_prefix_path.sh
-- Symlinking: /home/abdullahemirkirecci/yeni_ws/install/auto_robot/share/auto_robot/environment/ament_prefix_path.dsv
-- Symlinking: /home/abdullahemirkirecci/yeni_ws/install/auto_robot/share/auto_robot/environment/path.sh
-- Symlinking: /home/abdullahemirkirecci/yeni_ws/install/auto_robot/share/auto_robot/environment/path.dsv
-- Symlinking: /home/abdullahemirkirecci/yeni_ws/install/auto_robot/share/auto_robot/local_setup.bash
-- Symlinking: /home/abdullahemirkirecci/yeni_ws/install/auto_robot/share/auto_robot/local_setup.sh
-- Symlinking: /home/abdullahemirkirecci/yeni_ws/install/auto_robot/share/auto_robot/local_setup.zsh
-- Symlinking: /home/abdullahemirkirecci/yeni_ws/install/auto_robot/share/auto_robot/local_setup.dsv
-- Symlinking: /home/abdullahemirkirecci/yeni_ws/install/auto_robot/share/auto_robot/package.dsv
-- Symlinking: /home/abdullahemirkirecci/yeni_ws/install/auto_robot/share/ament_index/resource_index/packages/auto_robot
-- Symlinking: /home/abdullahemirkirecci/yeni_ws/install/auto_robot/share/auto_robot/cmake/auto_robotConfig.cmake
-- Symlinking: /home/abdullahemirkirecci/yeni_ws/install/auto_robot/share/auto_robot/cmake/auto_robotConfig-version.cmake
-- Symlinking: /home/abdullahemirkirecci/yeni_ws/install/auto_robot/share/auto_robot/package.xml
