[0.020s] Invoking command in '/home/abdullahemirkirecci/yeni_ws/build/auto_robot': CMAKE_PREFIX_PATH=/opt/ros/humble /usr/bin/cmake /home/abdullahemirkirecci/yeni_ws/src/Autonomous-Robot-Obstacle-Avoidance-with-ROS2/src/auto_robot -DCMAKE_INSTALL_PREFIX=/home/abdullahemirkirecci/yeni_ws/install/auto_robot
[0.026s] [0mCMake Deprecation Warning at CMakeLists.txt:1 (cmake_minimum_required):
[0.026s]   Compatibility with CMake < 3.10 will be removed from a future version of
[0.026s]   CMake.
[0.026s] 
[0.026s]   Update the VERSION argument <min> value.  Or, use the <min>...<max> syntax
[0.026s]   to tell CMake that the project requires at least <min> but has been updated
[0.026s]   to work with policies introduced by <max> or earlier.
[0.026s] 
[0.026s] [0m
[0.035s] -- Found ament_cmake: 1.3.12 (/opt/ros/humble/share/ament_cmake/cmake)
[0.318s] -- Override CMake install command with custom implementation using symlinks instead of copying resources
[0.330s] -- Found xacro: 2.1.1 (/opt/ros/humble/share/xacro/cmake)
[0.331s] -- Found ament_lint_auto: 0.12.14 (/opt/ros/humble/share/ament_lint_auto/cmake)
[0.505s] -- Added test 'flake8' to check Python code syntax and style conventions
[0.506s] -- Added test 'lint_cmake' to check CMake code style
[0.507s] -- Added test 'pep257' to check Python code against some of the docstring style conventions in PEP 257
[0.510s] -- Added test 'xmllint' to check XML markup files
[0.512s] -- Configuring done (0.5s)
[0.520s] -- Generating done (0.0s)
[0.522s] -- Build files have been written to: /home/abdullahemirkirecci/yeni_ws/build/auto_robot
[0.527s] Invoked command in '/home/abdullahemirkirecci/yeni_ws/build/auto_robot' returned '0': CMAKE_PREFIX_PATH=/opt/ros/humble /usr/bin/cmake /home/abdullahemirkirecci/yeni_ws/src/Autonomous-Robot-Obstacle-Avoidance-with-ROS2/src/auto_robot -DCMAKE_INSTALL_PREFIX=/home/abdullahemirkirecci/yeni_ws/install/auto_robot
[0.531s] Invoking command in '/home/abdullahemirkirecci/yeni_ws/build/auto_robot': CMAKE_PREFIX_PATH=/opt/ros/humble /usr/bin/cmake --build /home/abdullahemirkirecci/yeni_ws/build/auto_robot -- -j8 -l8
[0.562s] Invoked command in '/home/abdullahemirkirecci/yeni_ws/build/auto_robot' returned '0': CMAKE_PREFIX_PATH=/opt/ros/humble /usr/bin/cmake --build /home/abdullahemirkirecci/yeni_ws/build/auto_robot -- -j8 -l8
[0.572s] Invoking command in '/home/abdullahemirkirecci/yeni_ws/build/auto_robot': CMAKE_PREFIX_PATH=/opt/ros/humble /usr/bin/cmake --install /home/abdullahemirkirecci/yeni_ws/build/auto_robot
[0.578s] -- Install configuration: ""
[0.579s] -- Execute custom install script
[0.579s] -- Up-to-date symlink: /home/abdullahemirkirecci/yeni_ws/install/auto_robot/share/auto_robot/launch/launch_sim.launch.py
[0.579s] -- Up-to-date symlink: /home/abdullahemirkirecci/yeni_ws/install/auto_robot/share/auto_robot/launch/rsp.launch.py
[0.580s] -- Up-to-date symlink: /home/abdullahemirkirecci/yeni_ws/install/auto_robot/share/auto_robot/config/drive_bot.rviz
[0.580s] -- Up-to-date symlink: /home/abdullahemirkirecci/yeni_ws/install/auto_robot/share/auto_robot/config/empty.yaml
[0.581s] -- Up-to-date symlink: /home/abdullahemirkirecci/yeni_ws/install/auto_robot/share/auto_robot/config/gazebo_params.yaml
[0.581s] -- Up-to-date symlink: /home/abdullahemirkirecci/yeni_ws/install/auto_robot/share/auto_robot/config/main.rviz
[0.581s] -- Up-to-date symlink: /home/abdullahemirkirecci/yeni_ws/install/auto_robot/share/auto_robot/config/map.rviz
[0.581s] -- Up-to-date symlink: /home/abdullahemirkirecci/yeni_ws/install/auto_robot/share/auto_robot/config/mapper_params_online_async.yaml
[0.582s] -- Up-to-date symlink: /home/abdullahemirkirecci/yeni_ws/install/auto_robot/share/auto_robot/config/nav.rviz
[0.582s] -- Up-to-date symlink: /home/abdullahemirkirecci/yeni_ws/install/auto_robot/share/auto_robot/config/nav2_params.yaml
[0.582s] -- Up-to-date symlink: /home/abdullahemirkirecci/yeni_ws/install/auto_robot/share/auto_robot/config/slam_map.rviz
[0.582s] -- Up-to-date symlink: /home/abdullahemirkirecci/yeni_ws/install/auto_robot/share/auto_robot/config/twist_mux.yaml
[0.582s] -- Up-to-date symlink: /home/abdullahemirkirecci/yeni_ws/install/auto_robot/share/auto_robot/config/view_bot.rviz
[0.582s] -- Up-to-date symlink: /home/abdullahemirkirecci/yeni_ws/install/auto_robot/share/auto_robot/description/camera.xacro
[0.582s] -- Up-to-date symlink: /home/abdullahemirkirecci/yeni_ws/install/auto_robot/share/auto_robot/description/depth_camera.xacro
[0.582s] -- Up-to-date symlink: /home/abdullahemirkirecci/yeni_ws/install/auto_robot/share/auto_robot/description/face.xacro
[0.583s] -- Up-to-date symlink: /home/abdullahemirkirecci/yeni_ws/install/auto_robot/share/auto_robot/description/gazebo_control.xacro
[0.583s] -- Up-to-date symlink: /home/abdullahemirkirecci/yeni_ws/install/auto_robot/share/auto_robot/description/inertial_macros.xacro
[0.583s] -- Up-to-date symlink: /home/abdullahemirkirecci/yeni_ws/install/auto_robot/share/auto_robot/description/lidar.xacro
[0.583s] -- Up-to-date symlink: /home/abdullahemirkirecci/yeni_ws/install/auto_robot/share/auto_robot/description/robot.urdf.xacro
[0.583s] -- Up-to-date symlink: /home/abdullahemirkirecci/yeni_ws/install/auto_robot/share/auto_robot/description/robot_core.xacro
[0.583s] -- Up-to-date symlink: /home/abdullahemirkirecci/yeni_ws/install/auto_robot/share/auto_robot/worlds/empty.world
[0.584s] -- Up-to-date symlink: /home/abdullahemirkirecci/yeni_ws/install/auto_robot/share/auto_robot/worlds/maze.world
[0.584s] -- Symlinking: /home/abdullahemirkirecci/yeni_ws/install/auto_robot/share/auto_robot/worlds/my_home.sdf
[0.591s] -- Up-to-date symlink: /home/abdullahemirkirecci/yeni_ws/install/auto_robot/share/ament_index/resource_index/package_run_dependencies/auto_robot
[0.591s] -- Up-to-date symlink: /home/abdullahemirkirecci/yeni_ws/install/auto_robot/share/ament_index/resource_index/parent_prefix_path/auto_robot
[0.591s] -- Up-to-date symlink: /home/abdullahemirkirecci/yeni_ws/install/auto_robot/share/auto_robot/environment/ament_prefix_path.sh
[0.591s] -- Up-to-date symlink: /home/abdullahemirkirecci/yeni_ws/install/auto_robot/share/auto_robot/environment/ament_prefix_path.dsv
[0.591s] -- Up-to-date symlink: /home/abdullahemirkirecci/yeni_ws/install/auto_robot/share/auto_robot/environment/path.sh
[0.591s] -- Up-to-date symlink: /home/abdullahemirkirecci/yeni_ws/install/auto_robot/share/auto_robot/environment/path.dsv
[0.591s] -- Up-to-date symlink: /home/abdullahemirkirecci/yeni_ws/install/auto_robot/share/auto_robot/local_setup.bash
[0.591s] -- Up-to-date symlink: /home/abdullahemirkirecci/yeni_ws/install/auto_robot/share/auto_robot/local_setup.sh
[0.591s] -- Up-to-date symlink: /home/abdullahemirkirecci/yeni_ws/install/auto_robot/share/auto_robot/local_setup.zsh
[0.592s] -- Up-to-date symlink: /home/abdullahemirkirecci/yeni_ws/install/auto_robot/share/auto_robot/local_setup.dsv
[0.592s] -- Symlinking: /home/abdullahemirkirecci/yeni_ws/install/auto_robot/share/auto_robot/package.dsv
[0.600s] -- Up-to-date symlink: /home/abdullahemirkirecci/yeni_ws/install/auto_robot/share/ament_index/resource_index/packages/auto_robot
[0.600s] -- Up-to-date symlink: /home/abdullahemirkirecci/yeni_ws/install/auto_robot/share/auto_robot/cmake/auto_robotConfig.cmake
[0.600s] -- Up-to-date symlink: /home/abdullahemirkirecci/yeni_ws/install/auto_robot/share/auto_robot/cmake/auto_robotConfig-version.cmake
[0.600s] -- Up-to-date symlink: /home/abdullahemirkirecci/yeni_ws/install/auto_robot/share/auto_robot/package.xml
[0.603s] Invoked command in '/home/abdullahemirkirecci/yeni_ws/build/auto_robot' returned '0': CMAKE_PREFIX_PATH=/opt/ros/humble /usr/bin/cmake --install /home/abdullahemirkirecci/yeni_ws/build/auto_robot
